<?xml version="1.0" encoding="UTF-8"?>
<!-- Generated by org.testng.reporters.JUnitReportReporter -->
<testsuite hostname="SURAJ_MALVIKAR" failures="0" tests="2" name="com.TestLayer.LoginPageTest" time="0.375" errors="0" timestamp="2023-01-16T11:56:15 IST" skipped="0">
  <testcase classname="com.TestLayer.LoginPageTest" name="validateLoginFunctionality" time="0.266"/>
  <system-out/>
  <testcase classname="com.TestLayer.LoginPageTest" name="clickOnSubmit" time="0.109"/>
  <system-out/>
</testsuite> <!-- com.TestLayer.LoginPageTest -->
